# JRE version: Java(TM) SE Runtime Environment (8.0_92-b14) (build 1.8.0_92-b14)
# Java VM: Java HotSpot(TM) Client VM (25.92-b14 mixed mode windows-x86 )
Heap:
 def new generation   total 39424K, used 12184K [0x05000000, 0x07ac0000, 0x0faa0000)
  eden space 35072K,  31% used [0x05000000, 0x05ae52f0, 0x07240000)
  from space 4352K,  23% used [0x07240000, 0x07340d38, 0x07680000)
  to   space 4352K,   0% used [0x07680000, 0x07680000, 0x07ac0000)
 tenured generation   total 87424K, used 29589K [0x0faa0000, 0x15000000, 0x25000000)
   the space 87424K,  33% used [0x0faa0000, 0x11785600, 0x11785600, 0x15000000)
 Metaspace       used 18576K, capacity 19073K, committed 19200K, reserved 19840K
GC Heap History (10 events):
Event: 2.315 GC heap before
{Heap before GC invocations=2 (full 0):
 def new generation   total 39296K, used 23951K [0x05000000, 0x07aa0000, 0x0faa0000)
  eden space 34944K,  56% used [0x05000000, 0x06323c50, 0x07220000)
  from space 4352K, 100% used [0x07220000, 0x07660000, 0x07660000)
  to   space 4352K,   0% used [0x07660000, 0x07660000, 0x07aa0000)
 tenured generation   total 87424K, used 10195K [0x0faa0000, 0x15000000, 0x25000000)
   the space 87424K,  11% used [0x0faa0000, 0x10494db0, 0x10494e00, 0x15000000)
 Metaspace       used 11907K, capacity 12286K, committed 12288K, reserved 12672K
Event: 2.341 GC heap after
Heap after GC invocations=3 (full 1):
 def new generation   total 39424K, used 0K [0x05000000, 0x07ac0000, 0x0faa0000)
  eden space 35072K,   0% used [0x05000000, 0x05000000, 0x07240000)
  from space 4352K,   0% used [0x07240000, 0x07240000, 0x07680000)
  to   space 4352K,   0% used [0x07680000, 0x07680000, 0x07ac0000)
 tenured generation   total 87424K, used 16494K [0x0faa0000, 0x15000000, 0x25000000)
   the space 87424K,  18% used [0x0faa0000, 0x10abb978, 0x10abba00, 0x15000000)
 Metaspace       used 11907K, capacity 12286K, committed 12288K, reserved 12672K
}
Event: 2.918 GC heap before
{Heap before GC invocations=3 (full 1):
 def new generation   total 39424K, used 35072K [0x05000000, 0x07ac0000, 0x0faa0000)
  eden space 35072K, 100% used [0x05000000, 0x07240000, 0x07240000)
  from space 4352K,   0% used [0x07240000, 0x07240000, 0x07680000)
  to   space 4352K,   0% used [0x07680000, 0x07680000, 0x07ac0000)
 tenured generation   total 87424K, used 16494K [0x0faa0000, 0x15000000, 0x25000000)
   the space 87424K,  18% used [0x0faa0000, 0x10abb978, 0x10abba00, 0x15000000)
 Metaspace       used 17414K, capacity 17851K, committed 17920K, reserved 18816K
Event: 2.929 GC heap after
Heap after GC invocations=4 (full 1):
 def new generation   total 39424K, used 4352K [0x05000000, 0x07ac0000, 0x0faa0000)
  eden space 35072K,   0% used [0x05000000, 0x05000000, 0x07240000)
  from space 4352K, 100% used [0x07680000, 0x07ac0000, 0x07ac0000)
  to   space 4352K,   0% used [0x07240000, 0x07240000, 0x07680000)
 tenured generation   total 87424K, used 20037K [0x0faa0000, 0x15000000, 0x25000000)
   the space 87424K,  22% used [0x0faa0000, 0x10e31440, 0x10e31600, 0x15000000)
 Metaspace       used 17414K, capacity 17851K, committed 17920K, reserved 18816K
}
Event: 106.385 GC heap before
{Heap before GC invocations=4 (full 1):
 def new generation   total 39424K, used 39424K [0x05000000, 0x07ac0000, 0x0faa0000)
  eden space 35072K, 100% used [0x05000000, 0x07240000, 0x07240000)
  from space 4352K, 100% used [0x07680000, 0x07ac0000, 0x07ac0000)
  to   space 4352K,   0% used [0x07240000, 0x07240000, 0x07680000)
 tenured generation   total 87424K, used 20037K [0x0faa0000, 0x15000000, 0x25000000)
   the space 87424K,  22% used [0x0faa0000, 0x10e31440, 0x10e31600, 0x15000000)
 Metaspace       used 18212K, capacity 18686K, committed 18816K, reserved 18816K
Event: 106.405 GC heap after
Heap after GC invocations=5 (full 1):
 def new generation   total 39424K, used 2467K [0x05000000, 0x07ac0000, 0x0faa0000)
  eden space 35072K,   0% used [0x05000000, 0x05000000, 0x07240000)
  from space 4352K,  56% used [0x07240000, 0x074a8f60, 0x07680000)
  to   space 4352K,   0% used [0x07680000, 0x07680000, 0x07ac0000)
 tenured generation   total 87424K, used 27412K [0x0faa0000, 0x15000000, 0x25000000)
   the space 87424K,  31% used [0x0faa0000, 0x115653a8, 0x11565400, 0x15000000)
 Metaspace       used 18212K, capacity 18686K, committed 18816K, reserved 18816K
}
Event: 2243.554 GC heap before
{Heap before GC invocations=5 (full 1):
 def new generation   total 39424K, used 37539K [0x05000000, 0x07ac0000, 0x0faa0000)
  eden space 35072K, 100% used [0x05000000, 0x07240000, 0x07240000)
  from space 4352K,  56% used [0x07240000, 0x074a8f60, 0x07680000)
  to   space 4352K,   0% used [0x07680000, 0x07680000, 0x07ac0000)
 tenured generation   total 87424K, used 27412K [0x0faa0000, 0x15000000, 0x25000000)
   the space 87424K,  31% used [0x0faa0000, 0x115653a8, 0x11565400, 0x15000000)
 Metaspace       used 18425K, capacity 18912K, committed 19072K, reserved 19840K
Event: 2243.564 GC heap after
Heap after GC invocations=6 (full 1):
 def new generation   total 39424K, used 277K [0x05000000, 0x07ac0000, 0x0faa0000)
  eden space 35072K,   0% used [0x05000000, 0x05000000, 0x07240000)
  from space 4352K,   6% used [0x07680000, 0x076c5620, 0x07ac0000)
  to   space 4352K,   0% used [0x07240000, 0x07240000, 0x07680000)
 tenured generation   total 87424K, used 29589K [0x0faa0000, 0x15000000, 0x25000000)
   the space 87424K,  33% used [0x0faa0000, 0x11785600, 0x11785600, 0x15000000)
 Metaspace       used 18425K, capacity 18912K, committed 19072K, reserved 19840K
}
Event: 3570.371 GC heap before
{Heap before GC invocations=6 (full 1):
 def new generation   total 39424K, used 35349K [0x05000000, 0x07ac0000, 0x0faa0000)
  eden space 35072K, 100% used [0x05000000, 0x07240000, 0x07240000)
  from space 4352K,   6% used [0x07680000, 0x076c5620, 0x07ac0000)
  to   space 4352K,   0% used [0x07240000, 0x07240000, 0x07680000)
 tenured generation   total 87424K, used 29589K [0x0faa0000, 0x15000000, 0x25000000)
   the space 87424K,  33% used [0x0faa0000, 0x11785600, 0x11785600, 0x15000000)
 Metaspace       used 18576K, capacity 19073K, committed 19200K, reserved 19840K
Event: 3570.377 GC heap after
Heap after GC invocations=7 (full 1):
 def new generation   total 39424K, used 1027K [0x05000000, 0x07ac0000, 0x0faa0000)
  eden space 35072K,   0% used [0x05000000, 0x05000000, 0x07240000)
  from space 4352K,  23% used [0x07240000, 0x07340d38, 0x07680000)
  to   space 4352K,   0% used [0x07680000, 0x07680000, 0x07ac0000)
 tenured generation   total 87424K, used 29589K [0x0faa0000, 0x15000000, 0x25000000)
   the space 87424K,  33% used [0x0faa0000, 0x11785600, 0x11785600, 0x15000000)
 Metaspace       used 18576K, capacity 19073K, committed 19200K, reserved 19840K
}

